{"C:\\Users\\Narek_Davityan\\Desktop\\reactHome-master\\src\\App.js": {"path":"C:\\Users\\Narek_Davityan\\Desktop\\reactHome-master\\src\\App.js","statementMap":{"0":{"start":{"line":11,"column":8},"end":{"line":21,"column":9}}},"fnMap":{"0":{"name":"(anonymous_0)","decl":{"start":{"line":10,"column":4},"end":{"line":10,"column":5}},"loc":{"start":{"line":10,"column":13},"end":{"line":22,"column":5}},"line":10}},"branchMap":{},"s":{"0":1},"f":{"0":1},"b":{},"_coverageSchema":"43e27e138ebf9cfc5966b082cf9a028302ed4184","hash":"45d657127d984c64a026bb0a066ac2722657313d"}
,"C:\\Users\\Narek_Davityan\\Desktop\\reactHome-master\\src\\ErrorBoundary\\ErrorBoundary.js": {"path":"C:\\Users\\Narek_Davityan\\Desktop\\reactHome-master\\src\\ErrorBoundary\\ErrorBoundary.js","statementMap":{"0":{"start":{"line":5,"column":6},"end":{"line":5,"column":19}},"1":{"start":{"line":6,"column":6},"end":{"line":6,"column":51}},"2":{"start":{"line":13,"column":6},"end":{"line":16,"column":8}},"3":{"start":{"line":20,"column":8},"end":{"line":31,"column":9}},"4":{"start":{"line":21,"column":10},"end":{"line":30,"column":12}},"5":{"start":{"line":32,"column":8},"end":{"line":32,"column":35}}},"fnMap":{"0":{"name":"(anonymous_0)","decl":{"start":{"line":4,"column":4},"end":{"line":4,"column":5}},"loc":{"start":{"line":4,"column":23},"end":{"line":7,"column":5}},"line":4},"1":{"name":"(anonymous_1)","decl":{"start":{"line":11,"column":4},"end":{"line":11,"column":5}},"loc":{"start":{"line":11,"column":35},"end":{"line":17,"column":5}},"line":11},"2":{"name":"(anonymous_2)","decl":{"start":{"line":19,"column":4},"end":{"line":19,"column":5}},"loc":{"start":{"line":19,"column":13},"end":{"line":33,"column":7}},"line":19}},"branchMap":{"0":{"loc":{"start":{"line":20,"column":8},"end":{"line":31,"column":9}},"type":"if","locations":[{"start":{"line":20,"column":8},"end":{"line":31,"column":9}},{"start":{"line":20,"column":8},"end":{"line":31,"column":9}}],"line":20},"1":{"loc":{"start":{"line":25,"column":17},"end":{"line":25,"column":64}},"type":"binary-expr","locations":[{"start":{"line":25,"column":17},"end":{"line":25,"column":33}},{"start":{"line":25,"column":37},"end":{"line":25,"column":64}}],"line":25}},"s":{"0":1,"1":1,"2":0,"3":1,"4":0,"5":1},"f":{"0":1,"1":0,"2":1},"b":{"0":[0,1],"1":[0,0]},"_coverageSchema":"43e27e138ebf9cfc5966b082cf9a028302ed4184","hash":"84787deb02dc38dd6d3ad03f020bf440550034ef"}
,"C:\\Users\\Narek_Davityan\\Desktop\\reactHome-master\\src\\components\\CardItem\\CardItem.js": {"path":"C:\\Users\\Narek_Davityan\\Desktop\\reactHome-master\\src\\components\\CardItem\\CardItem.js","statementMap":{"0":{"start":{"line":5,"column":4},"end":{"line":15,"column":5}}},"fnMap":{"0":{"name":"(anonymous_0)","decl":{"start":{"line":4,"column":15},"end":{"line":4,"column":16}},"loc":{"start":{"line":4,"column":65},"end":{"line":16,"column":1}},"line":4}},"branchMap":{"0":{"loc":{"start":{"line":11,"column":82},"end":{"line":11,"column":122}},"type":"binary-expr","locations":[{"start":{"line":11,"column":82},"end":{"line":11,"column":94}},{"start":{"line":11,"column":98},"end":{"line":11,"column":122}}],"line":11}},"s":{"0":1},"f":{"0":1},"b":{"0":[1,1]},"_coverageSchema":"43e27e138ebf9cfc5966b082cf9a028302ed4184","hash":"05b328db0c64cb4bd957e9b7b0efcd2d17a8d604"}
,"C:\\Users\\Narek_Davityan\\Desktop\\reactHome-master\\src\\components\\FindYourMovie\\FindeYourMovie.js": {"path":"C:\\Users\\Narek_Davityan\\Desktop\\reactHome-master\\src\\components\\FindYourMovie\\FindeYourMovie.js","statementMap":{"0":{"start":{"line":5,"column":23},"end":{"line":11,"column":1}},"1":{"start":{"line":6,"column":4},"end":{"line":10,"column":5}}},"fnMap":{"0":{"name":"(anonymous_0)","decl":{"start":{"line":5,"column":23},"end":{"line":5,"column":24}},"loc":{"start":{"line":5,"column":29},"end":{"line":11,"column":1}},"line":5}},"branchMap":{},"s":{"0":3,"1":1},"f":{"0":1},"b":{},"_coverageSchema":"43e27e138ebf9cfc5966b082cf9a028302ed4184","hash":"cce959090dc6a6a7c23dccaf68402b7dd46b9470"}
,"C:\\Users\\Narek_Davityan\\Desktop\\reactHome-master\\src\\components\\Netflix\\Netflix.js": {"path":"C:\\Users\\Narek_Davityan\\Desktop\\reactHome-master\\src\\components\\Netflix\\Netflix.js","statementMap":{"0":{"start":{"line":4,"column":16},"end":{"line":10,"column":1}},"1":{"start":{"line":5,"column":4},"end":{"line":9,"column":5}}},"fnMap":{"0":{"name":"(anonymous_0)","decl":{"start":{"line":4,"column":16},"end":{"line":4,"column":17}},"loc":{"start":{"line":4,"column":22},"end":{"line":10,"column":1}},"line":4}},"branchMap":{},"s":{"0":4,"1":1},"f":{"0":1},"b":{},"_coverageSchema":"43e27e138ebf9cfc5966b082cf9a028302ed4184","hash":"d8039b376ec95b9a776197e6a61cdcbc033771b4"}
,"C:\\Users\\Narek_Davityan\\Desktop\\reactHome-master\\src\\components\\Search\\Search.js": {"path":"C:\\Users\\Narek_Davityan\\Desktop\\reactHome-master\\src\\components\\Search\\Search.js","statementMap":{"0":{"start":{"line":11,"column":8},"end":{"line":20,"column":9}}},"fnMap":{"0":{"name":"(anonymous_0)","decl":{"start":{"line":10,"column":4},"end":{"line":10,"column":5}},"loc":{"start":{"line":10,"column":13},"end":{"line":21,"column":5}},"line":10}},"branchMap":{},"s":{"0":1},"f":{"0":1},"b":{},"_coverageSchema":"43e27e138ebf9cfc5966b082cf9a028302ed4184","hash":"fb2c81f0f5f91dfefbbba137ba19b9eb59d4736a"}
,"C:\\Users\\Narek_Davityan\\Desktop\\reactHome-master\\src\\components\\Search\\SearchButton\\SearchButton.js": {"path":"C:\\Users\\Narek_Davityan\\Desktop\\reactHome-master\\src\\components\\Search\\SearchButton\\SearchButton.js","statementMap":{"0":{"start":{"line":6,"column":8},"end":{"line":6,"column":27}},"1":{"start":{"line":9,"column":8},"end":{"line":18,"column":9}}},"fnMap":{"0":{"name":"(anonymous_0)","decl":{"start":{"line":5,"column":19},"end":{"line":5,"column":20}},"loc":{"start":{"line":5,"column":26},"end":{"line":7,"column":5}},"line":5},"1":{"name":"(anonymous_1)","decl":{"start":{"line":8,"column":4},"end":{"line":8,"column":5}},"loc":{"start":{"line":8,"column":12},"end":{"line":19,"column":5}},"line":8}},"branchMap":{},"s":{"0":0,"1":1},"f":{"0":0,"1":1},"b":{},"_coverageSchema":"43e27e138ebf9cfc5966b082cf9a028302ed4184","hash":"8a2af938593449a7efc6b82e2751ea005c5a0e5f"}
,"C:\\Users\\Narek_Davityan\\Desktop\\reactHome-master\\src\\components\\Search\\SearchInput\\SearchInput.js": {"path":"C:\\Users\\Narek_Davityan\\Desktop\\reactHome-master\\src\\components\\Search\\SearchInput\\SearchInput.js","statementMap":{"0":{"start":{"line":5,"column":20},"end":{"line":14,"column":1}},"1":{"start":{"line":9,"column":4},"end":{"line":13,"column":5}}},"fnMap":{"0":{"name":"(anonymous_0)","decl":{"start":{"line":5,"column":20},"end":{"line":5,"column":21}},"loc":{"start":{"line":5,"column":31},"end":{"line":14,"column":1}},"line":5}},"branchMap":{},"s":{"0":4,"1":1},"f":{"0":1},"b":{},"_coverageSchema":"43e27e138ebf9cfc5966b082cf9a028302ed4184","hash":"23f029343ce25b954a18c5398dd53c72c6871f79"}
,"C:\\Users\\Narek_Davityan\\Desktop\\reactHome-master\\src\\components\\Search\\SearchTypes\\SearchTypes.js": {"path":"C:\\Users\\Narek_Davityan\\Desktop\\reactHome-master\\src\\components\\Search\\SearchTypes\\SearchTypes.js","statementMap":{"0":{"start":{"line":6,"column":20},"end":{"line":16,"column":1}},"1":{"start":{"line":7,"column":4},"end":{"line":15,"column":5}}},"fnMap":{"0":{"name":"(anonymous_0)","decl":{"start":{"line":6,"column":20},"end":{"line":6,"column":21}},"loc":{"start":{"line":6,"column":26},"end":{"line":16,"column":1}},"line":6}},"branchMap":{},"s":{"0":4,"1":1},"f":{"0":1},"b":{},"_coverageSchema":"43e27e138ebf9cfc5966b082cf9a028302ed4184","hash":"4914399be981cdfbf0ad29c57c873b579cc814e1"}
,"C:\\Users\\Narek_Davityan\\Desktop\\reactHome-master\\src\\components\\Search\\SearchTypes\\Types\\Types.js": {"path":"C:\\Users\\Narek_Davityan\\Desktop\\reactHome-master\\src\\components\\Search\\SearchTypes\\Types\\Types.js","statementMap":{"0":{"start":{"line":5,"column":4},"end":{"line":9,"column":5}}},"fnMap":{"0":{"name":"Types","decl":{"start":{"line":4,"column":9},"end":{"line":4,"column":14}},"loc":{"start":{"line":4,"column":22},"end":{"line":10,"column":1}},"line":4}},"branchMap":{},"s":{"0":0},"f":{"0":0},"b":{},"_coverageSchema":"43e27e138ebf9cfc5966b082cf9a028302ed4184","hash":"d77bbfb522fbf212168f696efed340bf5a5f6c18"}
,"C:\\Users\\Narek_Davityan\\Desktop\\reactHome-master\\src\\components\\SortingSection\\MoviesFound\\MoviesFound.js": {"path":"C:\\Users\\Narek_Davityan\\Desktop\\reactHome-master\\src\\components\\SortingSection\\MoviesFound\\MoviesFound.js","statementMap":{"0":{"start":{"line":5,"column":20},"end":{"line":11,"column":1}},"1":{"start":{"line":6,"column":2},"end":{"line":10,"column":3}}},"fnMap":{"0":{"name":"(anonymous_0)","decl":{"start":{"line":5,"column":20},"end":{"line":5,"column":21}},"loc":{"start":{"line":5,"column":26},"end":{"line":11,"column":1}},"line":5}},"branchMap":{},"s":{"0":2,"1":0},"f":{"0":0},"b":{},"_coverageSchema":"43e27e138ebf9cfc5966b082cf9a028302ed4184","hash":"2de60e2233327824adb14795307d1b148d6b6596"}
,"C:\\Users\\Narek_Davityan\\Desktop\\reactHome-master\\src\\components\\SortingSection\\SortBy\\SortBy.js": {"path":"C:\\Users\\Narek_Davityan\\Desktop\\reactHome-master\\src\\components\\SortingSection\\SortBy\\SortBy.js","statementMap":{"0":{"start":{"line":6,"column":15},"end":{"line":16,"column":1}},"1":{"start":{"line":7,"column":2},"end":{"line":15,"column":3}}},"fnMap":{"0":{"name":"(anonymous_0)","decl":{"start":{"line":6,"column":15},"end":{"line":6,"column":16}},"loc":{"start":{"line":6,"column":21},"end":{"line":16,"column":1}},"line":6}},"branchMap":{},"s":{"0":3,"1":1},"f":{"0":1},"b":{},"_coverageSchema":"43e27e138ebf9cfc5966b082cf9a028302ed4184","hash":"30359ef1929c89946b50f3080bb920939e6b782a"}
,"C:\\Users\\Narek_Davityan\\Desktop\\reactHome-master\\src\\mainComponents\\Card\\Card.js": {"path":"C:\\Users\\Narek_Davityan\\Desktop\\reactHome-master\\src\\mainComponents\\Card\\Card.js","statementMap":{"0":{"start":{"line":14,"column":8},"end":{"line":20,"column":46}},"1":{"start":{"line":15,"column":21},"end":{"line":15,"column":31}},"2":{"start":{"line":17,"column":12},"end":{"line":19,"column":14}},"3":{"start":{"line":20,"column":25},"end":{"line":20,"column":45}},"4":{"start":{"line":24,"column":23},"end":{"line":24,"column":38}},"5":{"start":{"line":25,"column":8},"end":{"line":29,"column":9}},"6":{"start":{"line":27,"column":46},"end":{"line":27,"column":80}}},"fnMap":{"0":{"name":"(anonymous_0)","decl":{"start":{"line":13,"column":4},"end":{"line":13,"column":5}},"loc":{"start":{"line":13,"column":23},"end":{"line":21,"column":5}},"line":13},"1":{"name":"(anonymous_1)","decl":{"start":{"line":15,"column":14},"end":{"line":15,"column":15}},"loc":{"start":{"line":15,"column":21},"end":{"line":15,"column":31}},"line":15},"2":{"name":"(anonymous_2)","decl":{"start":{"line":16,"column":14},"end":{"line":16,"column":15}},"loc":{"start":{"line":17,"column":12},"end":{"line":19,"column":14}},"line":17},"3":{"name":"(anonymous_3)","decl":{"start":{"line":20,"column":16},"end":{"line":20,"column":17}},"loc":{"start":{"line":20,"column":25},"end":{"line":20,"column":45}},"line":20},"4":{"name":"(anonymous_4)","decl":{"start":{"line":23,"column":4},"end":{"line":23,"column":5}},"loc":{"start":{"line":23,"column":13},"end":{"line":30,"column":5}},"line":23},"5":{"name":"(anonymous_5)","decl":{"start":{"line":27,"column":28},"end":{"line":27,"column":29}},"loc":{"start":{"line":27,"column":46},"end":{"line":27,"column":80}},"line":27}},"branchMap":{},"s":{"0":1,"1":0,"2":0,"3":0,"4":1,"5":1,"6":0},"f":{"0":1,"1":0,"2":0,"3":0,"4":1,"5":0},"b":{},"_coverageSchema":"43e27e138ebf9cfc5966b082cf9a028302ed4184","hash":"a33305ef6c772eb3071b673b9f5528373241bce7"}
,"C:\\Users\\Narek_Davityan\\Desktop\\reactHome-master\\src\\mainComponents\\Footer\\Footer.js": {"path":"C:\\Users\\Narek_Davityan\\Desktop\\reactHome-master\\src\\mainComponents\\Footer\\Footer.js","statementMap":{"0":{"start":{"line":8,"column":8},"end":{"line":15,"column":9}}},"fnMap":{"0":{"name":"(anonymous_0)","decl":{"start":{"line":7,"column":4},"end":{"line":7,"column":5}},"loc":{"start":{"line":7,"column":13},"end":{"line":16,"column":5}},"line":7}},"branchMap":{},"s":{"0":1},"f":{"0":1},"b":{},"_coverageSchema":"43e27e138ebf9cfc5966b082cf9a028302ed4184","hash":"e529e68c25a13dcc4208a1e9ede474a42ec035c5"}
,"C:\\Users\\Narek_Davityan\\Desktop\\reactHome-master\\src\\mainComponents\\Header\\Header.js": {"path":"C:\\Users\\Narek_Davityan\\Desktop\\reactHome-master\\src\\mainComponents\\Header\\Header.js","statementMap":{"0":{"start":{"line":10,"column":8},"end":{"line":19,"column":9}}},"fnMap":{"0":{"name":"(anonymous_0)","decl":{"start":{"line":9,"column":4},"end":{"line":9,"column":5}},"loc":{"start":{"line":9,"column":13},"end":{"line":20,"column":5}},"line":9}},"branchMap":{},"s":{"0":1},"f":{"0":1},"b":{},"_coverageSchema":"43e27e138ebf9cfc5966b082cf9a028302ed4184","hash":"65927a44d33ac2696f0ce8f71095bceee60874f2"}
,"C:\\Users\\Narek_Davityan\\Desktop\\reactHome-master\\src\\mainComponents\\SortingSection\\SortingSection.js": {"path":"C:\\Users\\Narek_Davityan\\Desktop\\reactHome-master\\src\\mainComponents\\SortingSection\\SortingSection.js","statementMap":{"0":{"start":{"line":9,"column":4},"end":{"line":14,"column":5}}},"fnMap":{"0":{"name":"(anonymous_0)","decl":{"start":{"line":8,"column":2},"end":{"line":8,"column":3}},"loc":{"start":{"line":8,"column":11},"end":{"line":15,"column":3}},"line":8}},"branchMap":{},"s":{"0":1},"f":{"0":1},"b":{},"_coverageSchema":"43e27e138ebf9cfc5966b082cf9a028302ed4184","hash":"eface6daa14a6fb4ee040c747b57c9b90f514db2"}
}
