TN:
SF:C:\Users\Narek_Davityan\Desktop\reactHome-master\src\App.js
FN:10,(anonymous_0)
FNF:1
FNH:1
FNDA:1,(anonymous_0)
DA:11,1
LF:1
LH:1
BRF:0
BRH:0
end_of_record
TN:
SF:C:\Users\Narek_Davityan\Desktop\reactHome-master\src\ErrorBoundary\ErrorBoundary.js
FN:4,(anonymous_0)
FN:11,(anonymous_1)
FN:19,(anonymous_2)
FNF:3
FNH:2
FNDA:1,(anonymous_0)
FNDA:0,(anonymous_1)
FNDA:1,(anonymous_2)
DA:5,1
DA:6,1
DA:13,0
DA:20,1
DA:21,0
DA:32,1
LF:6
LH:4
BRDA:20,0,0,0
BRDA:20,0,1,1
BRDA:25,1,0,0
BRDA:25,1,1,0
BRF:4
BRH:1
end_of_record
TN:
SF:C:\Users\Narek_Davityan\Desktop\reactHome-master\src\components\CardItem\CardItem.js
FN:4,(anonymous_0)
FNF:1
FNH:1
FNDA:1,(anonymous_0)
DA:5,1
LF:1
LH:1
BRDA:11,0,0,1
BRDA:11,0,1,1
BRF:2
BRH:2
end_of_record
TN:
SF:C:\Users\Narek_Davityan\Desktop\reactHome-master\src\components\FindYourMovie\FindeYourMovie.js
FN:5,(anonymous_0)
FNF:1
FNH:1
FNDA:1,(anonymous_0)
DA:5,3
DA:6,1
LF:2
LH:2
BRF:0
BRH:0
end_of_record
TN:
SF:C:\Users\Narek_Davityan\Desktop\reactHome-master\src\components\Netflix\Netflix.js
FN:4,(anonymous_0)
FNF:1
FNH:1
FNDA:1,(anonymous_0)
DA:4,4
DA:5,1
LF:2
LH:2
BRF:0
BRH:0
end_of_record
TN:
SF:C:\Users\Narek_Davityan\Desktop\reactHome-master\src\components\Search\Search.js
FN:10,(anonymous_0)
FNF:1
FNH:1
FNDA:1,(anonymous_0)
DA:11,1
LF:1
LH:1
BRF:0
BRH:0
end_of_record
TN:
SF:C:\Users\Narek_Davityan\Desktop\reactHome-master\src\components\Search\SearchButton\SearchButton.js
FN:5,(anonymous_0)
FN:8,(anonymous_1)
FNF:2
FNH:1
FNDA:0,(anonymous_0)
FNDA:1,(anonymous_1)
DA:6,0
DA:9,1
LF:2
LH:1
BRF:0
BRH:0
end_of_record
TN:
SF:C:\Users\Narek_Davityan\Desktop\reactHome-master\src\components\Search\SearchInput\SearchInput.js
FN:5,(anonymous_0)
FNF:1
FNH:1
FNDA:1,(anonymous_0)
DA:5,4
DA:9,1
LF:2
LH:2
BRF:0
BRH:0
end_of_record
TN:
SF:C:\Users\Narek_Davityan\Desktop\reactHome-master\src\components\Search\SearchTypes\SearchTypes.js
FN:6,(anonymous_0)
FNF:1
FNH:1
FNDA:1,(anonymous_0)
DA:6,4
DA:7,1
LF:2
LH:2
BRF:0
BRH:0
end_of_record
TN:
SF:C:\Users\Narek_Davityan\Desktop\reactHome-master\src\components\Search\SearchTypes\Types\Types.js
FN:4,Types
FNF:1
FNH:0
FNDA:0,Types
DA:5,0
LF:1
LH:0
BRF:0
BRH:0
end_of_record
TN:
SF:C:\Users\Narek_Davityan\Desktop\reactHome-master\src\components\SortingSection\MoviesFound\MoviesFound.js
FN:5,(anonymous_0)
FNF:1
FNH:0
FNDA:0,(anonymous_0)
DA:5,2
DA:6,0
LF:2
LH:1
BRF:0
BRH:0
end_of_record
TN:
SF:C:\Users\Narek_Davityan\Desktop\reactHome-master\src\components\SortingSection\SortBy\SortBy.js
FN:6,(anonymous_0)
FNF:1
FNH:1
FNDA:1,(anonymous_0)
DA:6,3
DA:7,1
LF:2
LH:2
BRF:0
BRH:0
end_of_record
TN:
SF:C:\Users\Narek_Davityan\Desktop\reactHome-master\src\mainComponents\Card\Card.js
FN:13,(anonymous_0)
FN:15,(anonymous_1)
FN:16,(anonymous_2)
FN:20,(anonymous_3)
FN:23,(anonymous_4)
FN:27,(anonymous_5)
FNF:6
FNH:2
FNDA:1,(anonymous_0)
FNDA:0,(anonymous_1)
FNDA:0,(anonymous_2)
FNDA:0,(anonymous_3)
FNDA:1,(anonymous_4)
FNDA:0,(anonymous_5)
DA:14,1
DA:15,0
DA:17,0
DA:20,0
DA:24,1
DA:25,1
DA:27,0
LF:7
LH:3
BRF:0
BRH:0
end_of_record
TN:
SF:C:\Users\Narek_Davityan\Desktop\reactHome-master\src\mainComponents\Footer\Footer.js
FN:7,(anonymous_0)
FNF:1
FNH:1
FNDA:1,(anonymous_0)
DA:8,1
LF:1
LH:1
BRF:0
BRH:0
end_of_record
TN:
SF:C:\Users\Narek_Davityan\Desktop\reactHome-master\src\mainComponents\Header\Header.js
FN:9,(anonymous_0)
FNF:1
FNH:1
FNDA:1,(anonymous_0)
DA:10,1
LF:1
LH:1
BRF:0
BRH:0
end_of_record
TN:
SF:C:\Users\Narek_Davityan\Desktop\reactHome-master\src\mainComponents\SortingSection\SortingSection.js
FN:8,(anonymous_0)
FNF:1
FNH:1
FNDA:1,(anonymous_0)
DA:9,1
LF:1
LH:1
BRF:0
BRH:0
end_of_record
